Using pre-set license
Built from '2021.3/staging' branch; Version is '2021.3.13f1 (9e7d58001ecf) revision 10386776'; Using compiler version '192829333'; Build Type 'Release'
OS: 'Windows 10  (10.0.19044) 64bit Education' Language: 'ko' Physical Memory: 16316 MB
BatchMode: 1, IsHumanControllingUs: 0, StartBugReporterOnCrash: 0, Is64bit: 1, IsPro: 1

COMMAND LINE ARGUMENTS:
C:\Program Files\Unity\Hub\Editor\2021.3.13f1\Editor\Unity.exe
-adb2
-batchMode
-noUpm
-name
AssetImportWorker0
-projectPath
C:/Users/user/Documents/GitHub/SoloProject/My project
-logFile
Logs/AssetImportWorker0.log
-srvPort
51896
Successfully changed project path to: C:/Users/user/Documents/GitHub/SoloProject/My project
C:/Users/user/Documents/GitHub/SoloProject/My project
[UnityMemory] Configuration Parameters - Can be set up in boot.config
    "memorysetup-bucket-allocator-granularity=16"
    "memorysetup-bucket-allocator-bucket-count=8"
    "memorysetup-bucket-allocator-block-size=33554432"
    "memorysetup-bucket-allocator-block-count=8"
    "memorysetup-main-allocator-block-size=16777216"
    "memorysetup-thread-allocator-block-size=16777216"
    "memorysetup-gfx-main-allocator-block-size=16777216"
    "memorysetup-gfx-thread-allocator-block-size=16777216"
    "memorysetup-cache-allocator-block-size=4194304"
    "memorysetup-typetree-allocator-block-size=2097152"
    "memorysetup-profiler-bucket-allocator-granularity=16"
    "memorysetup-profiler-bucket-allocator-bucket-count=8"
    "memorysetup-profiler-bucket-allocator-block-size=33554432"
    "memorysetup-profiler-bucket-allocator-block-count=8"
    "memorysetup-profiler-allocator-block-size=16777216"
    "memorysetup-profiler-editor-allocator-block-size=1048576"
    "memorysetup-temp-allocator-size-main=16777216"
    "memorysetup-job-temp-allocator-block-size=2097152"
    "memorysetup-job-temp-allocator-block-size-background=1048576"
    "memorysetup-job-temp-allocator-reduction-small-platforms=262144"
    "memorysetup-temp-allocator-size-background-worker=32768"
    "memorysetup-temp-allocator-size-job-worker=262144"
    "memorysetup-temp-allocator-size-preload-manager=33554432"
    "memorysetup-temp-allocator-size-nav-mesh-worker=65536"
    "memorysetup-temp-allocator-size-audio-worker=65536"
    "memorysetup-temp-allocator-size-cloud-worker=32768"
    "memorysetup-temp-allocator-size-gi-baking-worker=262144"
    "memorysetup-temp-allocator-size-gfx=262144"
Refreshing native plugins compatible for Editor in 103.53 ms, found 4 plugins.
Preloading 0 native plugins for Editor in 0.00 ms.
Initialize engine version: 2021.3.13f1 (9e7d58001ecf)
[Subsystems] Discovering subsystems at path C:/Program Files/Unity/Hub/Editor/2021.3.13f1/Editor/Data/Resources/UnitySubsystems
[Subsystems] Discovering subsystems at path C:/Users/user/Documents/GitHub/SoloProject/My project/Assets
GfxDevice: creating device client; threaded=0; jobified=0
Direct3D:
    Version:  Direct3D 11.0 [level 11.1]
    Renderer: NVIDIA GeForce GTX 1650 (ID=0x1f82)
    Vendor:   NVIDIA
    VRAM:     3962 MB
    Driver:   30.0.15.1215
Initialize mono
Mono path[0] = 'C:/Program Files/Unity/Hub/Editor/2021.3.13f1/Editor/Data/Managed'
Mono path[1] = 'C:/Program Files/Unity/Hub/Editor/2021.3.13f1/Editor/Data/MonoBleedingEdge/lib/mono/unityjit-win32'
Mono config path = 'C:/Program Files/Unity/Hub/Editor/2021.3.13f1/Editor/Data/MonoBleedingEdge/etc'
Using monoOptions --debugger-agent=transport=dt_socket,embedding=1,server=y,suspend=n,address=127.0.0.1:56236
Begin MonoManager ReloadAssembly
Registering precompiled unity dll's ...
Register platform support module: C:/Program Files/Unity/Hub/Editor/2021.3.13f1/Editor/Data/PlaybackEngines/WebGLSupport/UnityEditor.WebGL.Extensions.dll
Register platform support module: C:/Program Files/Unity/Hub/Editor/2021.3.13f1/Editor/Data/PlaybackEngines/WindowsStandaloneSupport/UnityEditor.WindowsStandalone.Extensions.dll
Registered in 0.007505 seconds.
Native extension for WindowsStandalone target not found
Native extension for WebGL target not found
Refreshing native plugins compatible for Editor in 94.90 ms, found 4 plugins.
Preloading 0 native plugins for Editor in 0.00 ms.
Mono: successfully reloaded assembly
- Completed reload, in  0.676 seconds
Domain Reload Profiling:
	ReloadAssembly (677ms)
		BeginReloadAssembly (105ms)
			ExecutionOrderSort (0ms)
			DisableScriptedObjects (0ms)
			BackupInstance (0ms)
			ReleaseScriptingObjects (0ms)
			CreateAndSetChildDomain (1ms)
		EndReloadAssembly (457ms)
			LoadAssemblies (105ms)
			RebuildTransferFunctionScriptingTraits (0ms)
			SetupTypeCache (123ms)
			ReleaseScriptCaches (0ms)
			RebuildScriptCaches (25ms)
			SetupLoadedEditorAssemblies (260ms)
				LogAssemblyErrors (0ms)
				InitializePlatformSupportModulesInManaged (8ms)
				SetLoadedEditorAssemblies (0ms)
				RefreshPlugins (95ms)
				BeforeProcessingInitializeOnLoad (1ms)
				ProcessInitializeOnLoadAttributes (109ms)
				ProcessInitializeOnLoadMethodAttributes (47ms)
				AfterProcessingInitializeOnLoad (0ms)
				EditorAssembliesLoaded (0ms)
			ExecutionOrderSort2 (0ms)
			AwakeInstancesAfterBackupRestoration (0ms)
Platform modules already initialized, skipping
Registering precompiled user dll's ...
Registered in 0.008099 seconds.
Begin MonoManager ReloadAssembly
Native extension for WindowsStandalone target not found
Native extension for WebGL target not found
Refreshing native plugins compatible for Editor in 91.98 ms, found 4 plugins.
Preloading 0 native plugins for Editor in 0.00 ms.
Mono: successfully reloaded assembly
- Completed reload, in  1.304 seconds
Domain Reload Profiling:
	ReloadAssembly (1305ms)
		BeginReloadAssembly (120ms)
			ExecutionOrderSort (0ms)
			DisableScriptedObjects (5ms)
			BackupInstance (0ms)
			ReleaseScriptingObjects (0ms)
			CreateAndSetChildDomain (17ms)
		EndReloadAssembly (1080ms)
			LoadAssemblies (120ms)
			RebuildTransferFunctionScriptingTraits (0ms)
			SetupTypeCache (316ms)
			ReleaseScriptCaches (1ms)
			RebuildScriptCaches (88ms)
			SetupLoadedEditorAssemblies (513ms)
				LogAssemblyErrors (0ms)
				InitializePlatformSupportModulesInManaged (5ms)
				SetLoadedEditorAssemblies (0ms)
				RefreshPlugins (92ms)
				BeforeProcessingInitializeOnLoad (104ms)
				ProcessInitializeOnLoadAttributes (228ms)
				ProcessInitializeOnLoadMethodAttributes (79ms)
				AfterProcessingInitializeOnLoad (5ms)
				EditorAssembliesLoaded (0ms)
			ExecutionOrderSort2 (0ms)
			AwakeInstancesAfterBackupRestoration (9ms)
Platform modules already initialized, skipping
========================================================================
Worker process is ready to serve import requests
Launched and connected shader compiler UnityShaderCompiler.exe after 0.05 seconds
Refreshing native plugins compatible for Editor in 0.83 ms, found 4 plugins.
Preloading 0 native plugins for Editor in 0.00 ms.
Unloading 5054 Unused Serialized files (Serialized files now loaded: 0)
Unloading 40 unused Assets / (343.9 KB). Loaded Objects now: 5508.
Memory consumption went from 183.7 MB to 183.4 MB.
Total: 4.604000 ms (FindLiveObjects: 0.378700 ms CreateObjectMapping: 0.685900 ms MarkObjects: 3.353300 ms  DeleteObjects: 0.185200 ms)

AssetImportParameters requested are different than current active one (requested -> active):
  custom:video-decoder-ogg-theora: a1e56fd34408186e4bbccfd4996cb3dc -> 
  custom:container-muxer-webm: aa71ff27fc2769a1b78a27578f13a17b -> 
  custom:container-demuxer-webm: 4f35f7cbe854078d1ac9338744f61a02 -> 
  custom:video-encoder-webm-vp8: eb34c28f22e8b96e1ab97ce403110664 -> 
  custom:audio-encoder-webm-vorbis: bf7c407c2cedff20999df2af8eb42d56 -> 
  custom:framework-win-MediaFoundation: 216162199b28c13a410421893ffa2e32 -> 
  custom:container-demuxer-ogg: 62fdf1f143b41e24485cea50d1cbac27 -> 
  custom:video-decoder-webm-vp8: 9c59270c3fd7afecdb556c50c9e8de78 -> 
  custom:audio-decoder-ogg-vorbis: bf7c407c2cedff20999df2af8eb42d56 -> 
========================================================================
Received Import Request.
  Time since last request: 13753.801092 seconds.
  path: Assets/Resource/1 Pink_Monster/Pink_Monster_Climb_4.png
  artifactKey: Guid(4335fb2346418f94fa7ae8af45da1363) Importer(815301076,1909f56bfc062723c751e8b465ee728b)
Start importing Assets/Resource/1 Pink_Monster/Pink_Monster_Climb_4.png using Guid(4335fb2346418f94fa7ae8af45da1363) Importer(815301076,1909f56bfc062723c751e8b465ee728b)  -> (artifact id: '5dbf3b194b5a07210c51f31c1aace22a') in 0.144789 seconds 
========================================================================
Received Import Request.
  Time since last request: 0.000018 seconds.
  path: Assets/Resource/1 Pink_Monster/Pink_Monster_Death_8.png
  artifactKey: Guid(80ab396964e22ae498de467054daa534) Importer(815301076,1909f56bfc062723c751e8b465ee728b)
Start importing Assets/Resource/1 Pink_Monster/Pink_Monster_Death_8.png using Guid(80ab396964e22ae498de467054daa534) Importer(815301076,1909f56bfc062723c751e8b465ee728b)  -> (artifact id: '92d11ea6a4d121f9a0754121009ab1a7') in 0.018438 seconds 
========================================================================
Received Import Request.
  Time since last request: 0.000018 seconds.
  path: Assets/Resource/1 Pink_Monster/Pink_Monster_Hurt_4.png
  artifactKey: Guid(8092fd8e010333b41b5c798df776e07e) Importer(815301076,1909f56bfc062723c751e8b465ee728b)
Start importing Assets/Resource/1 Pink_Monster/Pink_Monster_Hurt_4.png using Guid(8092fd8e010333b41b5c798df776e07e) Importer(815301076,1909f56bfc062723c751e8b465ee728b)  -> (artifact id: 'ec060f72d91282f0c80b4b811f4197dd') in 0.010814 seconds 
========================================================================
Received Import Request.
  Time since last request: 0.000014 seconds.
  path: Assets/Resource/1 Pink_Monster/Walk_Run_Push_Dust_6.png
  artifactKey: Guid(92d3519ade1272c468dd00a4bb518270) Importer(815301076,1909f56bfc062723c751e8b465ee728b)
Start importing Assets/Resource/1 Pink_Monster/Walk_Run_Push_Dust_6.png using Guid(92d3519ade1272c468dd00a4bb518270) Importer(815301076,1909f56bfc062723c751e8b465ee728b)  -> (artifact id: '4b281f07b3abbcd4aa0294b39d79c6d3') in 0.016337 seconds 
========================================================================
Received Import Request.
  Time since last request: 0.000028 seconds.
  path: Assets/Resource/1 Pink_Monster/Pink_Monster_Throw_4.png
  artifactKey: Guid(0965f3302e62c004aaf56d9996138df8) Importer(815301076,1909f56bfc062723c751e8b465ee728b)
Start importing Assets/Resource/1 Pink_Monster/Pink_Monster_Throw_4.png using Guid(0965f3302e62c004aaf56d9996138df8) Importer(815301076,1909f56bfc062723c751e8b465ee728b)  -> (artifact id: '6c416d6502e0b802589603eaa610e66a') in 0.011915 seconds 
========================================================================
Received Import Request.
  Time since last request: 0.000025 seconds.
  path: Assets/Resource/1 Pink_Monster/Pink_Monster_Attack1_4.png
  artifactKey: Guid(ecde6b73c7c5cab4b99a2ddd4c835d3a) Importer(815301076,1909f56bfc062723c751e8b465ee728b)
Start importing Assets/Resource/1 Pink_Monster/Pink_Monster_Attack1_4.png using Guid(ecde6b73c7c5cab4b99a2ddd4c835d3a) Importer(815301076,1909f56bfc062723c751e8b465ee728b)  -> (artifact id: 'e5884db1e700acbdb3c8fbb076e54b32') in 0.013338 seconds 
========================================================================
Received Import Request.
  Time since last request: 0.000024 seconds.
  path: Assets/Resource/1 Pink_Monster/Pink_Monster_Run_6.png
  artifactKey: Guid(cb626d4883b7a96429441cb603d817bd) Importer(815301076,1909f56bfc062723c751e8b465ee728b)
Start importing Assets/Resource/1 Pink_Monster/Pink_Monster_Run_6.png using Guid(cb626d4883b7a96429441cb603d817bd) Importer(815301076,1909f56bfc062723c751e8b465ee728b)  -> (artifact id: 'e2bbf7c9350996d3dfec73e920480fde') in 0.018708 seconds 
========================================================================
Received Import Request.
  Time since last request: 0.000018 seconds.
  path: Assets/Resource/1 Pink_Monster/Pink_Monster_Walk_6.png
  artifactKey: Guid(af608799d8799604b9d664a80f0c6ffd) Importer(815301076,1909f56bfc062723c751e8b465ee728b)
Start importing Assets/Resource/1 Pink_Monster/Pink_Monster_Walk_6.png using Guid(af608799d8799604b9d664a80f0c6ffd) Importer(815301076,1909f56bfc062723c751e8b465ee728b)  -> (artifact id: '8f06328a0986569e135560c8d84fba74') in 0.008848 seconds 
========================================================================
Received Import Request.
  Time since last request: 0.000035 seconds.
  path: Assets/Resource/1 Pink_Monster/Pink_Monster.png
  artifactKey: Guid(c9b1effb5644a654bbc7270e016a08cf) Importer(815301076,1909f56bfc062723c751e8b465ee728b)
Start importing Assets/Resource/1 Pink_Monster/Pink_Monster.png using Guid(c9b1effb5644a654bbc7270e016a08cf) Importer(815301076,1909f56bfc062723c751e8b465ee728b)  -> (artifact id: '6d9954a257df33a42252acf997336646') in 0.010314 seconds 
========================================================================
Received Import Request.
  Time since last request: 0.000034 seconds.
  path: Assets/Resource/1 Pink_Monster/Pink_Monster_Walk+Attack_6.png
  artifactKey: Guid(b1a56305a73011a40b3c8506aa209ca7) Importer(815301076,1909f56bfc062723c751e8b465ee728b)
Start importing Assets/Resource/1 Pink_Monster/Pink_Monster_Walk+Attack_6.png using Guid(b1a56305a73011a40b3c8506aa209ca7) Importer(815301076,1909f56bfc062723c751e8b465ee728b)  -> (artifact id: '38c1472dcebb6113d003da2c14129421') in 0.009036 seconds 
========================================================================
Received Import Request.
  Time since last request: 14.056161 seconds.
  path: Assets/Scripts/MainCharactor.cs
  artifactKey: Guid(645fc3a6671985e459ff09825ae02cf9) Importer(815301076,1909f56bfc062723c751e8b465ee728b)
Start importing Assets/Scripts/MainCharactor.cs using Guid(645fc3a6671985e459ff09825ae02cf9) Importer(815301076,1909f56bfc062723c751e8b465ee728b)  -> (artifact id: '4b02fe4e1916098c07e23d49f7527bec') in 0.010414 seconds 
========================================================================
Received Import Request.
  Time since last request: 24.101270 seconds.
  path: Assets/Animation/PinkMonster.controller
  artifactKey: Guid(00ae5589d2fbc0d40a2ef0a433cea924) Importer(815301076,1909f56bfc062723c751e8b465ee728b)
Start importing Assets/Animation/PinkMonster.controller using Guid(00ae5589d2fbc0d40a2ef0a433cea924) Importer(815301076,1909f56bfc062723c751e8b465ee728b)  -> (artifact id: 'bde8093a43226333cfaa8a6c691a9d90') in 0.007729 seconds 
========================================================================
Received Import Request.
  Time since last request: 14.949897 seconds.
  path: Assets/Animation/Dude.controller
  artifactKey: Guid(1409c9b601831f741afdae0d38b9e9be) Importer(815301076,1909f56bfc062723c751e8b465ee728b)
Start importing Assets/Animation/Dude.controller using Guid(1409c9b601831f741afdae0d38b9e9be) Importer(815301076,1909f56bfc062723c751e8b465ee728b)  -> (artifact id: '8b39ede7818e8183647f8ed4c360e6cb') in 0.003458 seconds 
========================================================================
Received Import Request.
  Time since last request: 9.265447 seconds.
  path: Assets/Animation/Owlet.controller
  artifactKey: Guid(4859f04fe5b175546b6cf5f323b82d14) Importer(815301076,1909f56bfc062723c751e8b465ee728b)
Start importing Assets/Animation/Owlet.controller using Guid(4859f04fe5b175546b6cf5f323b82d14) Importer(815301076,1909f56bfc062723c751e8b465ee728b)  -> (artifact id: 'e1786aaf8acd0976aed7568335bc6476') in 0.004061 seconds 
========================================================================
Received Prepare
Registering precompiled user dll's ...
Registered in 0.007753 seconds.
Begin MonoManager ReloadAssembly
Native extension for WindowsStandalone target not found
Native extension for WebGL target not found
Refreshing native plugins compatible for Editor in 0.81 ms, found 4 plugins.
Preloading 0 native plugins for Editor in 0.00 ms.
Mono: successfully reloaded assembly
- Completed reload, in  1.028 seconds
Domain Reload Profiling:
	ReloadAssembly (1028ms)
		BeginReloadAssembly (138ms)
			ExecutionOrderSort (0ms)
			DisableScriptedObjects (6ms)
			BackupInstance (0ms)
			ReleaseScriptingObjects (0ms)
			CreateAndSetChildDomain (34ms)
		EndReloadAssembly (806ms)
			LoadAssemblies (121ms)
			RebuildTransferFunctionScriptingTraits (0ms)
			SetupTypeCache (235ms)
			ReleaseScriptCaches (2ms)
			RebuildScriptCaches (45ms)
			SetupLoadedEditorAssemblies (382ms)
				LogAssemblyErrors (0ms)
				InitializePlatformSupportModulesInManaged (11ms)
				SetLoadedEditorAssemblies (0ms)
				RefreshPlugins (1ms)
				BeforeProcessingInitializeOnLoad (81ms)
				ProcessInitializeOnLoadAttributes (204ms)
				ProcessInitializeOnLoadMethodAttributes (79ms)
				AfterProcessingInitializeOnLoad (5ms)
				EditorAssembliesLoaded (0ms)
			ExecutionOrderSort2 (0ms)
			AwakeInstancesAfterBackupRestoration (10ms)
Platform modules already initialized, skipping
Refreshing native plugins compatible for Editor in 2.53 ms, found 4 plugins.
Preloading 0 native plugins for Editor in 0.00 ms.
Unloading 5021 Unused Serialized files (Serialized files now loaded: 0)
Unloading 27 unused Assets / (309.9 KB). Loaded Objects now: 5534.
Memory consumption went from 185.2 MB to 184.9 MB.
Total: 3.407000 ms (FindLiveObjects: 0.456400 ms CreateObjectMapping: 0.278900 ms MarkObjects: 2.595500 ms  DeleteObjects: 0.075200 ms)

AssetImportParameters requested are different than current active one (requested -> active):
  custom:video-decoder-ogg-theora: a1e56fd34408186e4bbccfd4996cb3dc -> 
  custom:container-muxer-webm: aa71ff27fc2769a1b78a27578f13a17b -> 
  custom:container-demuxer-webm: 4f35f7cbe854078d1ac9338744f61a02 -> 
  custom:video-encoder-webm-vp8: eb34c28f22e8b96e1ab97ce403110664 -> 
  custom:audio-encoder-webm-vorbis: bf7c407c2cedff20999df2af8eb42d56 -> 
  custom:framework-win-MediaFoundation: 216162199b28c13a410421893ffa2e32 -> 
  custom:container-demuxer-ogg: 62fdf1f143b41e24485cea50d1cbac27 -> 
  custom:video-decoder-webm-vp8: 9c59270c3fd7afecdb556c50c9e8de78 -> 
  custom:audio-decoder-ogg-vorbis: bf7c407c2cedff20999df2af8eb42d56 -> 
========================================================================
Received Import Request.
  Time since last request: 80.238311 seconds.
  path: Assets/Animation/Owlet.controller
  artifactKey: Guid(4859f04fe5b175546b6cf5f323b82d14) Importer(815301076,1909f56bfc062723c751e8b465ee728b)
Start importing Assets/Animation/Owlet.controller using Guid(4859f04fe5b175546b6cf5f323b82d14) Importer(815301076,1909f56bfc062723c751e8b465ee728b)  -> (artifact id: '259dc7ee1aab893f3677d5e32acbec6d') in 0.016509 seconds 
